#
# There is insufficient memory for the Java Runtime Environment to continue.
# Native memory allocation (malloc) failed to allocate 32744 bytes for ChunkPool::allocate
# Possible reasons:
#   The system is out of physical RAM or swap space
#   The process is running with CompressedOops enabled, and the Java Heap may be blocking the growth of the native heap
# Possible solutions:
#   Reduce memory load on the system
#   Increase physical memory or swap space
#   Check if swap backing store is full
#   Decrease Java heap size (-Xmx/-Xms)
#   Decrease number of Java threads
#   Decrease Java thread stack sizes (-Xss)
#   Set larger code cache with -XX:ReservedCodeCacheSize=
#   JVM is running with Unscaled Compressed Oops mode in which the Java heap is
#     placed in the first 4GB address space. The Java Heap base address is the
#     maximum limit for the native heap growth. Please use -XX:HeapBaseMinAddress
#     to set the Java Heap base and to place the Java Heap above 4GB virtual address.
# This output file may be truncated or incomplete.
#
#  Out of Memory Error (allocation.cpp:273), pid=57072, tid=0x000000000000bab8
#
# JRE version: Java(TM) SE Runtime Environment (8.0_201-b09) (build 1.8.0_201-b09)
# Java VM: Java HotSpot(TM) 64-Bit Server VM (25.201-b09 mixed mode windows-amd64 compressed oops)
# Failed to write core dump. Minidumps are not enabled by default on client versions of Windows
#

---------------  T H R E A D  ---------------

Current thread (0x00000000174b6800):  JavaThread "C2 CompilerThread0" daemon [_thread_in_native, id=47800, stack(0x0000000018b10000,0x0000000018c10000)]

Stack: [0x0000000018b10000,0x0000000018c10000]
[error occurred during error reporting (printing stack bounds), id 0xc0000005]

Native frames: (J=compiled Java code, j=interpreted, Vv=VM code, C=native code)


Current CompileTask:
C2:    269   31       4       java.lang.String::charAt (29 bytes)


---------------  P R O C E S S  ---------------

Java Threads: ( => current thread )
  0x0000000018e10800 JavaThread "Service Thread" daemon [_thread_blocked, id=3808, stack(0x0000000019210000,0x0000000019310000)]
  0x000000001750c800 JavaThread "C1 CompilerThread2" daemon [_thread_in_vm, id=56872, stack(0x0000000018d10000,0x0000000018e10000)]
  0x00000000174ba000 JavaThread "C2 CompilerThread1" daemon [_thread_blocked, id=56516, stack(0x0000000018c10000,0x0000000018d10000)]
=>0x00000000174b6800 JavaThread "C2 CompilerThread0" daemon [_thread_in_native, id=47800, stack(0x0000000018b10000,0x0000000018c10000)]
  0x00000000174b4000 JavaThread "Attach Listener" daemon [_thread_blocked, id=37684, stack(0x0000000018a10000,0x0000000018b10000)]
  0x00000000174b2800 JavaThread "Signal Dispatcher" daemon [_thread_blocked, id=57084, stack(0x0000000018910000,0x0000000018a10000)]
  0x0000000002bba800 JavaThread "Finalizer" daemon [_thread_blocked, id=55056, stack(0x0000000018710000,0x0000000018810000)]
  0x0000000002bb2000 JavaThread "Reference Handler" daemon [_thread_blocked, id=57316, stack(0x0000000018610000,0x0000000018710000)]
  0x00000000029be800 JavaThread "main" [_thread_in_native, id=42376, stack(0x00000000029c0000,0x0000000002ac0000)]

Other Threads:
  0x0000000017477800 VMThread [stack: 0x0000000018510000,0x0000000018610000] [id=56896]
  0x0000000018e15000 WatcherThread [stack: 0x0000000019310000,0x0000000019410000] [id=3328]

VM state:not at safepoint (normal execution)

VM Mutex/Monitor currently owned by a thread: None

heap address: 0x0000000085800000, size: 1960 MB, Compressed Oops mode: 32-bit
Narrow klass base: 0x0000000000000000, Narrow klass shift: 3
Compressed class space size: 1073741824 Address: 0x0000000100000000

Heap:
 PSYoungGen      total 36864K, used 1904K [0x00000000d7300000, 0x00000000d9c00000, 0x0000000100000000)
  eden space 31744K, 6% used [0x00000000d7300000,0x00000000d74dc320,0x00000000d9200000)
  from space 5120K, 0% used [0x00000000d9700000,0x00000000d9700000,0x00000000d9c00000)
  to   space 5120K, 0% used [0x00000000d9200000,0x00000000d9200000,0x00000000d9700000)
 ParOldGen       total 84992K, used 0K [0x0000000085800000, 0x000000008ab00000, 0x00000000d7300000)
  object space 84992K, 0% used [0x0000000085800000,0x0000000085800000,0x000000008ab00000)
 Metaspace       used 3524K, capacity 4622K, committed 4864K, reserved 1056768K
  class space    used 406K, capacity 458K, committed 512K, reserved 1048576K

Card table byte_map: [0x0000000011f80000,0x0000000012360000] byte_map_base: 0x0000000011b54000

Marking Bits: (ParMarkBitMap*) 0x000000005ba34ce0
 Begin Bits: [0x00000000129f0000, 0x0000000014890000)
 End Bits:   [0x0000000014890000, 0x0000000016730000)

Polling page: 0x0000000001080000

CodeCache: size=245760Kb used=1138Kb max_used=1138Kb free=244621Kb
 bounds [0x0000000002bc0000, 0x0000000002e30000, 0x0000000011bc0000]
 total_blobs=278 nmethods=32 adapters=159
 compilation: enabled

Compilation events (10 events):
Event: 0.257 Thread 0x000000001750c800   22       3       java.util.concurrent.ConcurrentHashMap::tabAt (21 bytes)
Event: 0.257 Thread 0x000000001750c800 nmethod 22 0x0000000002cd3150 code [0x0000000002cd32a0, 0x0000000002cd34d0]
Event: 0.264 Thread 0x000000001750c800   24       3       java.lang.String::<init> (82 bytes)
Event: 0.264 Thread 0x000000001750c800 nmethod 24 0x0000000002cd3d90 code [0x0000000002cd3f60, 0x0000000002cd4458]
Event: 0.265 Thread 0x000000001750c800   25       3       java.util.HashMap::hash (20 bytes)
Event: 0.265 Thread 0x000000001750c800 nmethod 25 0x0000000002cd46d0 code [0x0000000002cd4840, 0x0000000002cd4a88]
Event: 0.265 Thread 0x000000001750c800   26       1       java.nio.Buffer::position (5 bytes)
Event: 0.265 Thread 0x000000001750c800 nmethod 26 0x0000000002cd4b50 code [0x0000000002cd4ca0, 0x0000000002cd4db0]
Event: 0.265 Thread 0x000000001750c800   27       3       java.lang.String::toLowerCase (439 bytes)
Event: 0.266 Thread 0x00000000174b6800   31       4       java.lang.String::charAt (29 bytes)

GC Heap History (0 events):
No events

Deoptimization events (0 events):
No events

Classes redefined (0 events):
No events

Internal exceptions (2 events):
Event: 0.032 Thread 0x00000000029be800 Exception <a 'java/lang/NoSuchMethodError': Method sun.misc.Unsafe.defineClass(Ljava/lang/String;[BII)Ljava/lang/Class; name or signature does not match> (0x00000000d7307cb0) thrown at [C:\re\workspace\8-2-build-windows-amd64-cygwin\jdk8u201\12322\hotspot
Event: 0.032 Thread 0x00000000029be800 Exception <a 'java/lang/NoSuchMethodError': Method sun.misc.Unsafe.prefetchRead(Ljava/lang/Object;J)V name or signature does not match> (0x00000000d7307f98) thrown at [C:\re\workspace\8-2-build-windows-amd64-cygwin\jdk8u201\12322\hotspot\src\share\vm\prim

Events (10 events):
Event: 0.263 loading class java/util/LinkedHashMap$LinkedEntrySet
Event: 0.263 loading class java/util/LinkedHashMap$LinkedEntrySet done
Event: 0.263 loading class java/util/LinkedHashMap$LinkedEntryIterator
Event: 0.263 loading class java/util/LinkedHashMap$LinkedHashIterator
Event: 0.263 loading class java/util/LinkedHashMap$LinkedHashIterator done
Event: 0.263 loading class java/util/LinkedHashMap$LinkedEntryIterator done
Event: 0.264 loading class sun/misc/Launcher$BootClassPathHolder
Event: 0.264 loading class sun/misc/Launcher$BootClassPathHolder done
Event: 0.264 loading class sun/misc/Launcher$BootClassPathHolder$1
Event: 0.264 loading class sun/misc/Launcher$BootClassPathHolder$1 done


Dynamic libraries:
0x00007ff75db40000 - 0x00007ff75db77000 	C:\Program Files\Java\jdk1.8.0_201\bin\java.exe
0x00007ffdaf5d0000 - 0x00007ffdaf7c8000 	C:\windows\SYSTEM32\ntdll.dll
0x00007ffd68e00000 - 0x00007ffd68e17000 	C:\Program Files\Avast Software\Avast\aswhook.dll
0x00007ffdad690000 - 0x00007ffdad74f000 	C:\windows\System32\KERNEL32.DLL
0x00007ffdad2e0000 - 0x00007ffdad5b2000 	C:\windows\System32\KERNELBASE.dll
0x00007ffdaef70000 - 0x00007ffdaf01e000 	C:\windows\System32\ADVAPI32.dll
0x00007ffdaf490000 - 0x00007ffdaf52e000 	C:\windows\System32\msvcrt.dll
0x00007ffdae390000 - 0x00007ffdae42c000 	C:\windows\System32\sechost.dll
0x00007ffdaee40000 - 0x00007ffdaef65000 	C:\windows\System32\RPCRT4.dll
0x00007ffdadd90000 - 0x00007ffdadf2d000 	C:\windows\System32\USER32.dll
0x00007ffdad5f0000 - 0x00007ffdad612000 	C:\windows\System32\win32u.dll
0x00007ffdadfb0000 - 0x00007ffdadfdb000 	C:\windows\System32\GDI32.dll
0x00007ffdace30000 - 0x00007ffdacf3f000 	C:\windows\System32\gdi32full.dll
0x00007ffdad0d0000 - 0x00007ffdad16d000 	C:\windows\System32\msvcp_win.dll
0x00007ffdacfd0000 - 0x00007ffdad0d0000 	C:\windows\System32\ucrtbase.dll
0x00007ffd8d720000 - 0x00007ffd8d9ba000 	C:\windows\WinSxS\amd64_microsoft.windows.common-controls_6595b64144ccf1df_6.0.19041.1110_none_60b5254171f9507e\COMCTL32.dll
0x00007ffdae4e0000 - 0x00007ffdae512000 	C:\windows\System32\IMM32.DLL
0x000000005b130000 - 0x000000005b201000 	C:\Program Files\Java\jdk1.8.0_201\jre\bin\msvcr100.dll
0x000000005b210000 - 0x000000005bab4000 	C:\Program Files\Java\jdk1.8.0_201\jre\bin\server\jvm.dll
0x00007ffdaee30000 - 0x00007ffdaee38000 	C:\windows\System32\PSAPI.DLL
0x00007ffd903e0000 - 0x00007ffd90407000 	C:\windows\SYSTEM32\WINMM.dll
0x00007ffda3380000 - 0x00007ffda338a000 	C:\windows\SYSTEM32\VERSION.dll
0x00007ffd920e0000 - 0x00007ffd920e9000 	C:\windows\SYSTEM32\WSOCK32.dll
0x00007ffdae160000 - 0x00007ffdae1cb000 	C:\windows\System32\WS2_32.dll
0x00007ffda72e0000 - 0x00007ffda72ef000 	C:\Program Files\Java\jdk1.8.0_201\jre\bin\verify.dll
0x00007ffda2f70000 - 0x00007ffda2f99000 	C:\Program Files\Java\jdk1.8.0_201\jre\bin\java.dll
0x00007ffd8dc20000 - 0x00007ffd8dc36000 	C:\Program Files\Java\jdk1.8.0_201\jre\bin\zip.dll
0x00007ffdae520000 - 0x00007ffdaec63000 	C:\windows\System32\SHELL32.dll
0x00007ffdaad70000 - 0x00007ffdab502000 	C:\windows\SYSTEM32\windows.storage.dll
0x00007ffdad750000 - 0x00007ffdadaa4000 	C:\windows\System32\combase.dll
0x00007ffdac730000 - 0x00007ffdac760000 	C:\windows\SYSTEM32\Wldp.dll
0x00007ffdae430000 - 0x00007ffdae4dd000 	C:\windows\System32\SHCORE.dll
0x00007ffdadfe0000 - 0x00007ffdae035000 	C:\windows\System32\shlwapi.dll
0x00007ffdacc10000 - 0x00007ffdacc2f000 	C:\windows\SYSTEM32\profapi.dll

VM Arguments:
jvm_args: -Dfile.encoding=UTF-8 
java_command: Sanjeevaniapp.gui.UpdateReceptionistsFrame
java_class_path (initial): C:\Program Files\NetBeans 8.2\java\modules\ext\AbsoluteLayout.jar;C:\oraclexe\app\oracle\product\11.2.0\server\jdbc\lib\ojdbc6.jar;C:\Users\saksh\Downloads\Telegram Desktop\commons-logging-1.1.3.jar;C:\Users\saksh\Downloads\Telegram Desktop\httpasyncclient-4.0.2.jar;C:\Users\saksh\Downloads\Telegram Desktop\httpclient-4.3.6.jar;C:\Users\saksh\Downloads\Telegram Desktop\httpcore-4.3.3.jar;C:\Users\saksh\Downloads\Telegram Desktop\httpcore-nio-4.3.2.jar;C:\Users\saksh\Downloads\Telegram Desktop\unirest-java-1.4.7.jar;D:\JAVAPROJECT\Sanjeevani app\build\classes
Launcher Type: SUN_STANDARD

Environment Variables:
PATH=C:\oraclexe\app\oracle\product\11.2.0\server\bin;;C:\Program Files (x86)\Common Files\Oracle\Java\javapath;C:\Program Files\Common Files\Oracle\Java\javapath;C:\Python310\Scripts\;C:\Python310\;C:\windows\system32;C:\windows;C:\windows\System32\Wbem;C:\windows\System32\WindowsPowerShell\v1.0\;C:\windows\System32\OpenSSH\;C:\Program Files (x86)\Microsoft VS Code\bin;C:\MinGW\bin;C:\MinGW\msys\1.0\bin;C:\Program Files\Git\cmd;C:\Users\saksh\AppData\Local\Microsoft\WindowsApps;C:\Program Files\CodeBlocks\MinGW\bin;C:\MinGW\bin;C:\MinGW\msys\1.0\bin;C:\Program Files\Java\jdk-17.0.4\bin;C:\javaEditor\IntelliJ IDEA Community Edition 2022.2.2\bin;;C:\dart\dart-sdk\bin;C:\flutter\bin;
USERNAME=saksh
OS=Windows_NT
PROCESSOR_IDENTIFIER=Intel64 Family 6 Model 140 Stepping 1, GenuineIntel



---------------  S Y S T E M  ---------------

OS: Windows 10.0 , 64 bit Build 19041 (10.0.19041.2251)

CPU:total 4 (initial active 4) (2 cores per cpu, 2 threads per core) family 6 model 140 stepping 1, cmov, cx8, fxsr, mmx, sse, sse2, sse3, ssse3, sse4.1, sse4.2, popcnt, avx, avx2, aes, clmul, erms, 3dnowpref, lzcnt, ht, tsc, tscinvbit, bmi1, bmi2, adx

Memory: 4k page, physical 8022688k(435996k free), swap 32139936k(4204k free)

vm_info: Java HotSpot(TM) 64-Bit Server VM (25.201-b09) for windows-amd64 JRE (1.8.0_201-b09), built on Dec 15 2018 18:36:39 by "java_re" with MS VC++ 10.0 (VS2010)

time: Sat Mar 18 17:04:15 2023
timezone: India Standard Time
elapsed time: 0 seconds (0d 0h 0m 0s)

